2026-06-30 16:20:24,892 - __main__ - INFO - Next run will occur in 1 hour due to updated schedule.
2026-06-30 18:52:33,946 - __main__ - INFO - Token value: 1234
2026-06-30 18:52:34,518 - __main__ - WARNING - API rate limit exceeded (status code: 429). This is temporary and will reset automatically.
2026-06-30 18:52:34,520 - __main__ - WARNING - Error message: Too many requests from your IP address. We limit our service to 50 unique lookups per hour. Please wait 1 hour before making another request for your access to reset.
2026-06-30 18:52:34,520 - __main__ - INFO - Next run will occur in 1 hour due to updated schedule.
2026-06-30 20:54:07,898 - __main__ - INFO - Token value: 1234
2026-06-30 20:54:08,126 - __main__ - WARNING - API rate limit exceeded (status code: 429). This is temporary and will reset automatically.
2026-06-30 20:54:08,128 - __main__ - WARNING - Error message: Too many requests from your IP address. We limit our service to 50 unique lookups per hour. Please wait 1 hour before making another request for your access to reset.
2026-06-30 20:54:08,128 - __main__ - INFO - Next run will occur in 1 hour due to updated schedule.
2026-06-30 22:12:27,536 - __main__ - INFO - Token value: 1234
2026-06-30 22:12:28,140 - __main__ - WARNING - API rate limit exceeded (status code: 429). This is temporary and will reset automatically.
2026-06-30 22:12:28,142 - __main__ - WARNING - Error message: Too many requests from your IP address. We limit our service to 50 unique lookups per hour. Please wait 1 hour before making another request for your access to reset.
2026-06-30 22:12:28,142 - __main__ - INFO - Next run will occur in 1 hour due to updated schedule.
2026-07-01 00:02:15,256 - __main__ - INFO - Token value: 1234
2026-07-01 00:02:15,443 - __main__ - WARNING - API rate limit exceeded (status code: 429). This is temporary and will reset automatically.
2026-07-01 00:02:15,445 - __main__ - WARNING - Error message: Too many requests from your IP address. We limit our service to 50 unique lookups per hour. Please wait 1 hour before making another request for your access to reset.
2026-07-01 00:02:15,445 - __main__ - INFO - Next run will occur in 1 hour due to updated schedule.
2026-07-01 05:18:01,011 - __main__ - INFO - Token value: 1234
2026-07-01 05:18:01,588 - __main__ - WARNING - API rate limit exceeded (status code: 429). This is temporary and will reset automatically.
2026-07-01 05:18:01,590 - __main__ - WARNING - Error message: Too many requests from your IP address. We limit our service to 50 unique lookups per hour. Please wait 1 hour before making another request for your access to reset.
2026-07-01 05:18:01,590 - __main__ - INFO - Next run will occur in 1 hour due to updated schedule.
2026-07-01 09:35:58,214 - __main__ - INFO - Token value: 1234
2026-07-01 09:35:58,525 - __main__ - WARNING - API rate limit exceeded (status code: 429). This is temporary and will reset automatically.
2026-07-01 09:35:58,527 - __main__ - WARNING - Error message: Too many requests from your IP address. We limit our service to 50 unique lookups per hour. Please wait 1 hour before making another request for your access to reset.
2026-07-01 09:35:58,527 - __main__ - INFO - Next run will occur in 1 hour due to updated schedule.
2026-07-01 12:29:48,403 - __main__ - INFO - Token value: 1234
2026-07-01 12:29:48,791 - __main__ - WARNING - API rate limit exceeded (status code: 429). This is temporary and will reset automatically.
2026-07-01 12:29:48,793 - __main__ - WARNING - Error message: Too many requests from your IP address. We limit our service to 50 unique lookups per hour. Please wait 1 hour before making another request for your access to reset.
2026-07-01 12:29:48,793 - __main__ - INFO - Next run will occur in 1 hour due to updated schedule.
2026-07-01 15:37:01,782 - __main__ - INFO - Token value: 1234
2026-07-01 15:37:02,295 - __main__ - WARNING - API rate limit exceeded (status code: 429). This is temporary and will reset automatically.
2026-07-01 15:37:02,296 - __main__ - WARNING - Error message: Too many requests from your IP address. We limit our service to 50 unique lookups per hour. Please wait 1 hour before making another request for your access to reset.
2026-07-01 15:37:02,296 - __main__ - INFO - Next run will occur in 1 hour due to updated schedule.
2026-07-01 17:49:37,152 - __main__ - INFO - Token value: 1234
2026-07-01 17:49:37,722 - __main__ - WARNING - API rate limit exceeded (status code: 429). This is temporary and will reset automatically.
2026-07-01 17:49:37,724 - __main__ - WARNING - Error message: Too many requests from your IP address. We limit our service to 50 unique lookups per hour. Please wait 1 hour before making another request for your access to reset.
2026-07-01 17:49:37,724 - __main__ - INFO - Next run will occur in 1 hour due to updated schedule.
2026-07-01 19:44:59,783 - __main__ - INFO - Token value: 1234
2026-07-01 19:44:59,855 - __main__ - WARNING - API rate limit exceeded (status code: 429). This is temporary and will reset automatically.
2026-07-01 19:44:59,857 - __main__ - WARNING - Error message: Too many requests from your IP address. We limit our service to 50 unique lookups per hour. Please wait 1 hour before making another request for your access to reset.
2026-07-01 19:44:59,857 - __main__ - INFO - Next run will occur in 1 hour due to updated schedule.
2026-07-01 21:22:07,708 - __main__ - INFO - Token value: 1234
2026-07-01 21:22:08,271 - __main__ - WARNING - API rate limit exceeded (status code: 429). This is temporary and will reset automatically.
2026-07-01 21:22:08,272 - __main__ - WARNING - Error message: Too many requests from your IP address. We limit our service to 50 unique lookups per hour. Please wait 1 hour before making another request for your access to reset.
2026-07-01 21:22:08,272 - __main__ - INFO - Next run will occur in 1 hour due to updated schedule.
2026-07-01 23:07:31,441 - __main__ - INFO - Token value: 1234
2026-07-01 23:07:31,566 - __main__ - WARNING - API rate limit exceeded (status code: 429). This is temporary and will reset automatically.
2026-07-01 23:07:31,567 - __main__ - WARNING - Error message: Too many requests from your IP address. We limit our service to 50 unique lookups per hour. Please wait 1 hour before making another request for your access to reset.
2026-07-01 23:07:31,567 - __main__ - INFO - Next run will occur in 1 hour due to updated schedule.
2026-07-02 02:43:16,810 - __main__ - INFO - Token value: 1234
2026-07-02 02:43:16,994 - __main__ - WARNING - API rate limit exceeded (status code: 429). This is temporary and will reset automatically.
2026-07-02 02:43:16,996 - __main__ - WARNING - Error message: Too many requests from your IP address. We limit our service to 50 unique lookups per hour. Please wait 1 hour before making another request for your access to reset.
2026-07-02 02:43:16,996 - __main__ - INFO - Next run will occur in 1 hour due to updated schedule.
2026-07-02 06:35:22,364 - __main__ - INFO - Token value: 1234
2026-07-02 06:35:23,418 - __main__ - WARNING - API rate limit exceeded (status code: 429). This is temporary and will reset automatically.
2026-07-02 06:35:23,420 - __main__ - WARNING - Error message: Too many requests from your IP address. We limit our service to 50 unique lookups per hour. Please wait 1 hour before making another request for your access to reset.
2026-07-02 06:35:23,420 - __main__ - INFO - Next run will occur in 1 hour due to updated schedule.
2026-07-02 09:56:26,705 - __main__ - INFO - Token value: 1234
2026-07-02 09:56:27,016 - __main__ - WARNING - API rate limit exceeded (status code: 429). This is temporary and will reset automatically.
2026-07-02 09:56:27,018 - __main__ - WARNING - Error message: Too many requests from your IP address. We limit our service to 50 unique lookups per hour. Please wait 1 hour before making another request for your access to reset.
2026-07-02 09:56:27,018 - __main__ - INFO - Next run will occur in 1 hour due to updated schedule.
2026-07-02 12:07:06,404 - __main__ - INFO - Token value: 1234
2026-07-02 12:07:06,914 - __main__ - WARNING - API rate limit exceeded (status code: 429). This is temporary and will reset automatically.
2026-07-02 12:07:06,916 - __main__ - WARNING - Error message: Too many requests from your IP address. We limit our service to 50 unique lookups per hour. Please wait 1 hour before making another request for your access to reset.
2026-07-02 12:07:06,917 - __main__ - INFO - Next run will occur in 1 hour due to updated schedule.
2026-07-02 15:09:33,563 - __main__ - INFO - Token value: 1234
2026-07-02 15:09:33,881 - __main__ - WARNING - API rate limit exceeded (status code: 429). This is temporary and will reset automatically.
2026-07-02 15:09:33,883 - __main__ - WARNING - Error message: Too many requests from your IP address. We limit our service to 50 unique lookups per hour. Please wait 1 hour before making another request for your access to reset.
2026-07-02 15:09:33,883 - __main__ - INFO - Next run will occur in 1 hour due to updated schedule.
2026-07-02 17:40:14,578 - __main__ - INFO - Token value: 1234
2026-07-02 17:40:14,649 - __main__ - WARNING - API rate limit exceeded (status code: 429). This is temporary and will reset automatically.
2026-07-02 17:40:14,651 - __main__ - WARNING - Error message: Too many requests from your IP address. We limit our service to 50 unique lookups per hour. Please wait 1 hour before making another request for your access to reset.
2026-07-02 17:40:14,651 - __main__ - INFO - Next run will occur in 1 hour due to updated schedule.
2026-07-02 19:15:42,960 - __main__ - INFO - Token value: 1234
2026-07-02 19:15:43,901 - __main__ - WARNING - API rate limit exceeded (status code: 429). This is temporary and will reset automatically.
2026-07-02 19:15:43,904 - __main__ - WARNING - Error message: Too many requests from your IP address. We limit our service to 50 unique lookups per hour. Please wait 1 hour before making another request for your access to reset.
2026-07-02 19:15:43,904 - __main__ - INFO - Next run will occur in 1 hour due to updated schedule.
2026-07-02 20:57:56,041 - __main__ - INFO - Token value: 1234
2026-07-02 20:57:56,399 - __main__ - WARNING - API rate limit exceeded (status code: 429). This is temporary and will reset automatically.
2026-07-02 20:57:56,401 - __main__ - WARNING - Error message: Too many requests from your IP address. We limit our service to 50 unique lookups per hour. Please wait 1 hour before making another request for your access to reset.
2026-07-02 20:57:56,401 - __main__ - INFO - Next run will occur in 1 hour due to updated schedule.
2026-07-02 22:07:57,690 - __main__ - INFO - Token value: 1234
2026-07-02 22:07:58,373 - __main__ - WARNING - API rate limit exceeded (status code: 429). This is temporary and will reset automatically.
2026-07-02 22:07:58,375 - __main__ - WARNING - Error message: Too many requests from your IP address. We limit our service to 50 unique lookups per hour. Please wait 1 hour before making another request for your access to reset.
2026-07-02 22:07:58,375 - __main__ - INFO - Next run will occur in 1 hour due to updated schedule.
2026-07-02 23:59:52,392 - __main__ - INFO - Token value: 1234
2026-07-02 23:59:52,508 - __main__ - WARNING - API rate limit exceeded (status code: 429). This is temporary and will reset automatically.
2026-07-02 23:59:52,509 - __main__ - WARNING - Error message: Too many requests from your IP address. We limit our service to 50 unique lookups per hour. Please wait 1 hour before making another request for your access to reset.
2026-07-02 23:59:52,510 - __main__ - INFO - Next run will occur in 1 hour due to updated schedule.
2026-07-03 03:54:52,588 - __main__ - INFO - Token value: 1234
2026-07-03 03:54:53,014 - __main__ - WARNING - API rate limit exceeded (status code: 429). This is temporary and will reset automatically.
2026-07-03 03:54:53,016 - __main__ - WARNING - Error message: Too many requests from your IP address. We limit our service to 50 unique lookups per hour. Please wait 1 hour before making another request for your access to reset.
2026-07-03 03:54:53,016 - __main__ - INFO - Next run will occur in 1 hour due to updated schedule.
2026-07-03 06:57:10,970 - __main__ - INFO - Token value: 1234
2026-07-03 06:57:11,693 - __main__ - WARNING - API rate limit exceeded (status code: 429). This is temporary and will reset automatically.
2026-07-03 06:57:11,695 - __main__ - WARNING - Error message: Too many requests from your IP address. We limit our service to 50 unique lookups per hour. Please wait 1 hour before making another request for your access to reset.
2026-07-03 06:57:11,695 - __main__ - INFO - Next run will occur in 1 hour due to updated schedule.
2026-07-03 09:57:42,046 - __main__ - INFO - Token value: 1234
2026-07-03 09:57:42,279 - __main__ - WARNING - API rate limit exceeded (status code: 429). This is temporary and will reset automatically.
2026-07-03 09:57:42,281 - __main__ - WARNING - Error message: Too many requests from your IP address. We limit our service to 50 unique lookups per hour. Please wait 1 hour before making another request for your access to reset.
2026-07-03 09:57:42,281 - __main__ - INFO - Next run will occur in 1 hour due to updated schedule.
2026-07-03 12:09:12,843 - __main__ - INFO - Token value: 1234
2026-07-03 12:09:13,506 - __main__ - WARNING - API rate limit exceeded (status code: 429). This is temporary and will reset automatically.
2026-07-03 12:09:13,508 - __main__ - WARNING - Error message: Too many requests from your IP address. We limit our service to 50 unique lookups per hour. Please wait 1 hour before making another request for your access to reset.
2026-07-03 12:09:13,508 - __main__ - INFO - Next run will occur in 1 hour due to updated schedule.
2026-07-03 15:05:01,975 - __main__ - INFO - Token value: 1234
2026-07-03 15:05:02,644 - __main__ - WARNING - API rate limit exceeded (status code: 429). This is temporary and will reset automatically.
2026-07-03 15:05:02,646 - __main__ - WARNING - Error message: Too many requests from your IP address. We limit our service to 50 unique lookups per hour. Please wait 1 hour before making another request for your access to reset.
2026-07-03 15:05:02,646 - __main__ - INFO - Next run will occur in 1 hour due to updated schedule.
2026-07-03 17:18:29,261 - __main__ - INFO - Token value: 1234
2026-07-03 17:18:29,450 - __main__ - WARNING - API rate limit exceeded (status code: 429). This is temporary and will reset automatically.
2026-07-03 17:18:29,452 - __main__ - WARNING - Error message: Too many requests from your IP address. We limit our service to 50 unique lookups per hour. Please wait 1 hour before making another request for your access to reset.
2026-07-03 17:18:29,452 - __main__ - INFO - Next run will occur in 1 hour due to updated schedule.
2026-07-03 19:09:59,351 - __main__ - INFO - Token value: 1234
2026-07-03 19:09:59,453 - __main__ - WARNING - API rate limit exceeded (status code: 429). This is temporary and will reset automatically.
2026-07-03 19:09:59,454 - __main__ - WARNING - Error message: Too many requests from your IP address. We limit our service to 50 unique lookups per hour. Please wait 1 hour before making another request for your access to reset.
2026-07-03 19:09:59,454 - __main__ - INFO - Next run will occur in 1 hour due to updated schedule.
2026-07-03 20:57:31,666 - __main__ - INFO - Token value: 1234
2026-07-03 20:57:31,861 - __main__ - WARNING - API rate limit exceeded (status code: 429). This is temporary and will reset automatically.
2026-07-03 20:57:31,863 - __main__ - WARNING - Error message: Too many requests from your IP address. We limit our service to 50 unique lookups per hour. Please wait 1 hour before making another request for your access to reset.
2026-07-03 20:57:31,863 - __main__ - INFO - Next run will occur in 1 hour due to updated schedule.
2026-07-03 22:04:30,613 - __main__ - INFO - Token value: 1234
2026-07-03 22:04:30,807 - __main__ - WARNING - API rate limit exceeded (status code: 429). This is temporary and will reset automatically.
2026-07-03 22:04:30,808 - __main__ - WARNING - Error message: Too many requests from your IP address. We limit our service to 50 unique lookups per hour. Please wait 1 hour before making another request for your access to reset.
2026-07-03 22:04:30,808 - __main__ - INFO - Next run will occur in 1 hour due to updated schedule.
2026-07-03 23:59:20,638 - __main__ - INFO - Token value: 1234
2026-07-03 23:59:21,393 - __main__ - WARNING - API rate limit exceeded (status code: 429). This is temporary and will reset automatically.
2026-07-03 23:59:21,395 - __main__ - WARNING - Error message: Too many requests from your IP address. We limit our service to 50 unique lookups per hour. Please wait 1 hour before making another request for your access to reset.
2026-07-03 23:59:21,395 - __main__ - INFO - Next run will occur in 1 hour due to updated schedule.
2026-07-04 03:38:46,994 - __main__ - INFO - Token value: 1234
2026-07-04 03:38:47,180 - __main__ - WARNING - API rate limit exceeded (status code: 429). This is temporary and will reset automatically.
2026-07-04 03:38:47,182 - __main__ - WARNING - Error message: Too many requests from your IP address. We limit our service to 50 unique lookups per hour. Please wait 1 hour before making another request for your access to reset.
2026-07-04 03:38:47,182 - __main__ - INFO - Next run will occur in 1 hour due to updated schedule.
2026-07-04 06:42:30,356 - __main__ - INFO - Token value: 1234
2026-07-04 06:42:30,733 - __main__ - WARNING - API rate limit exceeded (status code: 429). This is temporary and will reset automatically.
2026-07-04 06:42:30,735 - __main__ - WARNING - Error message: Too many requests from your IP address. We limit our service to 50 unique lookups per hour. Please wait 1 hour before making another request for your access to reset.
2026-07-04 06:42:30,735 - __main__ - INFO - Next run will occur in 1 hour due to updated schedule.
2026-07-04 09:17:58,211 - __main__ - INFO - Token value: 1234
2026-07-04 09:17:58,825 - __main__ - WARNING - API rate limit exceeded (status code: 429). This is temporary and will reset automatically.
2026-07-04 09:17:58,827 - __main__ - WARNING - Error message: Too many requests from your IP address. We limit our service to 50 unique lookups per hour. Please wait 1 hour before making another request for your access to reset.
2026-07-04 09:17:58,827 - __main__ - INFO - Next run will occur in 1 hour due to updated schedule.
2026-07-04 11:21:53,133 - __main__ - INFO - Token value: 1234
2026-07-04 11:21:53,250 - __main__ - WARNING - API rate limit exceeded (status code: 429). This is temporary and will reset automatically.
2026-07-04 11:21:53,252 - __main__ - WARNING - Error message: Too many requests from your IP address. We limit our service to 50 unique lookups per hour. Please wait 1 hour before making another request for your access to reset.
2026-07-04 11:21:53,252 - __main__ - INFO - Next run will occur in 1 hour due to updated schedule.
2026-07-04 13:10:40,769 - __main__ - INFO - Token value: 1234
2026-07-04 13:10:41,132 - __main__ - WARNING - API rate limit exceeded (status code: 429). This is temporary and will reset automatically.
2026-07-04 13:10:41,134 - __main__ - WARNING - Error message: Too many requests from your IP address. We limit our service to 50 unique lookups per hour. Please wait 1 hour before making another request for your access to reset.
2026-07-04 13:10:41,134 - __main__ - INFO - Next run will occur in 1 hour due to updated schedule.
2026-07-04 15:00:45,030 - __main__ - INFO - Token value: 1234
2026-07-04 15:00:45,760 - __main__ - WARNING - API rate limit exceeded (status code: 429). This is temporary and will reset automatically.
2026-07-04 15:00:45,761 - __main__ - WARNING - Error message: Too many requests from your IP address. We limit our service to 50 unique lookups per hour. Please wait 1 hour before making another request for your access to reset.
2026-07-04 15:00:45,762 - __main__ - INFO - Next run will occur in 1 hour due to updated schedule.
2026-07-04 16:58:14,596 - __main__ - INFO - Token value: 1234
2026-07-04 16:58:14,916 - __main__ - WARNING - API rate limit exceeded (status code: 429). This is temporary and will reset automatically.
2026-07-04 16:58:14,918 - __main__ - WARNING - Error message: Too many requests from your IP address. We limit our service to 50 unique lookups per hour. Please wait 1 hour before making another request for your access to reset.
2026-07-04 16:58:14,918 - __main__ - INFO - Next run will occur in 1 hour due to updated schedule.
2026-07-04 18:02:53,160 - __main__ - INFO - Token value: 1234
2026-07-04 18:02:53,931 - __main__ - WARNING - API rate limit exceeded (status code: 429). This is temporary and will reset automatically.
2026-07-04 18:02:53,933 - __main__ - WARNING - Error message: Too many requests from your IP address. We limit our service to 50 unique lookups per hour. Please wait 1 hour before making another request for your access to reset.
2026-07-04 18:02:53,933 - __main__ - INFO - Next run will occur in 1 hour due to updated schedule.
2026-07-04 20:05:54,994 - __main__ - INFO - Token value: 1234
2026-07-04 20:05:55,611 - __main__ - WARNING - API rate limit exceeded (status code: 429). This is temporary and will reset automatically.
2026-07-04 20:05:55,613 - __main__ - WARNING - Error message: Too many requests from your IP address. We limit our service to 50 unique lookups per hour. Please wait 1 hour before making another request for your access to reset.
2026-07-04 20:05:55,613 - __main__ - INFO - Next run will occur in 1 hour due to updated schedule.
2026-07-04 21:52:41,998 - __main__ - INFO - Token value: 1234
2026-07-04 21:52:42,245 - __main__ - WARNING - API rate limit exceeded (status code: 429). This is temporary and will reset automatically.
2026-07-04 21:52:42,247 - __main__ - WARNING - Error message: Too many requests from your IP address. We limit our service to 50 unique lookups per hour. Please wait 1 hour before making another request for your access to reset.
2026-07-04 21:52:42,247 - __main__ - INFO - Next run will occur in 1 hour due to updated schedule.
2026-07-04 22:52:29,303 - __main__ - INFO - Token value: 1234
2026-07-04 22:52:29,768 - __main__ - WARNING - API rate limit exceeded (status code: 429). This is temporary and will reset automatically.
2026-07-04 22:52:29,770 - __main__ - WARNING - Error message: Too many requests from your IP address. We limit our service to 50 unique lookups per hour. Please wait 1 hour before making another request for your access to reset.
2026-07-04 22:52:29,770 - __main__ - INFO - Next run will occur in 1 hour due to updated schedule.
2026-07-04 23:56:22,845 - __main__ - INFO - Token value: 1234
2026-07-04 23:56:23,065 - __main__ - WARNING - API rate limit exceeded (status code: 429). This is temporary and will reset automatically.
2026-07-04 23:56:23,067 - __main__ - WARNING - Error message: Too many requests from your IP address. We limit our service to 50 unique lookups per hour. Please wait 1 hour before making another request for your access to reset.
2026-07-04 23:56:23,067 - __main__ - INFO - Next run will occur in 1 hour due to updated schedule.
2026-07-05 02:50:08,139 - __main__ - INFO - Token value: 1234
2026-07-05 02:50:08,684 - __main__ - WARNING - API rate limit exceeded (status code: 429). This is temporary and will reset automatically.
2026-07-05 02:50:08,686 - __main__ - WARNING - Error message: Too many requests from your IP address. We limit our service to 50 unique lookups per hour. Please wait 1 hour before making another request for your access to reset.
2026-07-05 02:50:08,686 - __main__ - INFO - Next run will occur in 1 hour due to updated schedule.
2026-07-05 06:35:44,170 - __main__ - INFO - Token value: 1234
2026-07-05 06:35:44,499 - __main__ - WARNING - API rate limit exceeded (status code: 429). This is temporary and will reset automatically.
2026-07-05 06:35:44,501 - __main__ - WARNING - Error message: Too many requests from your IP address. We limit our service to 50 unique lookups per hour. Please wait 1 hour before making another request for your access to reset.
2026-07-05 06:35:44,501 - __main__ - INFO - Next run will occur in 1 hour due to updated schedule.
2026-07-05 09:38:15,633 - __main__ - INFO - Token value: 1234
2026-07-05 09:38:15,827 - __main__ - WARNING - API rate limit exceeded (status code: 429). This is temporary and will reset automatically.
2026-07-05 09:38:15,831 - __main__ - WARNING - Error message: Too many requests from your IP address. We limit our service to 50 unique lookups per hour. Please wait 1 hour before making another request for your access to reset.
2026-07-05 09:38:15,831 - __main__ - INFO - Next run will occur in 1 hour due to updated schedule.
2026-07-05 11:26:07,593 - __main__ - INFO - Token value: 1234
2026-07-05 11:26:08,571 - __main__ - WARNING - API rate limit exceeded (status code: 429). This is temporary and will reset automatically.
2026-07-05 11:26:08,573 - __main__ - WARNING - Error message: Too many requests from your IP address. We limit our service to 50 unique lookups per hour. Please wait 1 hour before making another request for your access to reset.
2026-07-05 11:26:08,573 - __main__ - INFO - Next run will occur in 1 hour due to updated schedule.
2026-07-05 13:19:04,521 - __main__ - INFO - Token value: 1234
2026-07-05 13:19:04,756 - __main__ - WARNING - API rate limit exceeded (status code: 429). This is temporary and will reset automatically.
2026-07-05 13:19:04,757 - __main__ - WARNING - Error message: Too many requests from your IP address. We limit our service to 50 unique lookups per hour. Please wait 1 hour before making another request for your access to reset.
2026-07-05 13:19:04,757 - __main__ - INFO - Next run will occur in 1 hour due to updated schedule.
2026-07-05 15:08:53,920 - __main__ - INFO - Token value: 1234
2026-07-05 15:08:54,659 - __main__ - WARNING - API rate limit exceeded (status code: 429). This is temporary and will reset automatically.
2026-07-05 15:08:54,660 - __main__ - WARNING - Error message: Too many requests from your IP address. We limit our service to 50 unique lookups per hour. Please wait 1 hour before making another request for your access to reset.
2026-07-05 15:08:54,660 - __main__ - INFO - Next run will occur in 1 hour due to updated schedule.
2026-07-05 17:02:15,471 - __main__ - INFO - Token value: 1234
2026-07-05 17:02:15,699 - __main__ - WARNING - API rate limit exceeded (status code: 429). This is temporary and will reset automatically.
2026-07-05 17:02:15,701 - __main__ - WARNING - Error message: Too many requests from your IP address. We limit our service to 50 unique lookups per hour. Please wait 1 hour before making another request for your access to reset.
2026-07-05 17:02:15,701 - __main__ - INFO - Next run will occur in 1 hour due to updated schedule.
2026-07-05 19:07:37,563 - __main__ - INFO - Token value: 1234
2026-07-05 19:07:37,796 - __main__ - WARNING - API rate limit exceeded (status code: 429). This is temporary and will reset automatically.
2026-07-05 19:07:37,798 - __main__ - WARNING - Error message: Too many requests from your IP address. We limit our service to 50 unique lookups per hour. Please wait 1 hour before making another request for your access to reset.
2026-07-05 19:07:37,798 - __main__ - INFO - Next run will occur in 1 hour due to updated schedule.
2026-07-05 20:51:52,259 - __main__ - INFO - Token value: 1234
2026-07-05 20:51:52,492 - __main__ - WARNING - API rate limit exceeded (status code: 429). This is temporary and will reset automatically.
2026-07-05 20:51:52,494 - __main__ - WARNING - Error message: Too many requests from your IP address. We limit our service to 50 unique lookups per hour. Please wait 1 hour before making another request for your access to reset.
2026-07-05 20:51:52,494 - __main__ - INFO - Next run will occur in 1 hour due to updated schedule.
2026-07-05 21:56:03,567 - __main__ - INFO - Token value: 1234
2026-07-05 21:56:04,088 - __main__ - WARNING - API rate limit exceeded (status code: 429). This is temporary and will reset automatically.
2026-07-05 21:56:04,090 - __main__ - WARNING - Error message: Too many requests from your IP address. We limit our service to 50 unique lookups per hour. Please wait 1 hour before making another request for your access to reset.
2026-07-05 21:56:04,090 - __main__ - INFO - Next run will occur in 1 hour due to updated schedule.
2026-07-05 22:58:11,684 - __main__ - INFO - Token value: 1234
2026-07-05 22:58:12,188 - __main__ - WARNING - API rate limit exceeded (status code: 429). This is temporary and will reset automatically.
2026-07-05 22:58:12,190 - __main__ - WARNING - Error message: Too many requests from your IP address. We limit our service to 50 unique lookups per hour. Please wait 1 hour before making another request for your access to reset.
2026-07-05 22:58:12,190 - __main__ - INFO - Next run will occur in 1 hour due to updated schedule.
2026-07-06 00:08:58,955 - __main__ - INFO - Token value: 1234
2026-07-06 00:08:59,733 - __main__ - WARNING - API rate limit exceeded (status code: 429). This is temporary and will reset automatically.
2026-07-06 00:08:59,735 - __main__ - WARNING - Error message: Too many requests from your IP address. We limit our service to 50 unique lookups per hour. Please wait 1 hour before making another request for your access to reset.
2026-07-06 00:08:59,735 - __main__ - INFO - Next run will occur in 1 hour due to updated schedule.
2026-07-06 05:05:27,439 - __main__ - INFO - Token value: 1234
2026-07-06 05:05:27,519 - __main__ - WARNING - API rate limit exceeded (status code: 429). This is temporary and will reset automatically.
2026-07-06 05:05:27,520 - __main__ - WARNING - Error message: Too many requests from your IP address. We limit our service to 50 unique lookups per hour. Please wait 1 hour before making another request for your access to reset.
2026-07-06 05:05:27,521 - __main__ - INFO - Next run will occur in 1 hour due to updated schedule.
2026-07-06 10:05:26,441 - __main__ - INFO - Token value: 1234
2026-07-06 10:05:27,000 - __main__ - WARNING - API rate limit exceeded (status code: 429). This is temporary and will reset automatically.
2026-07-06 10:05:27,002 - __main__ - WARNING - Error message: Too many requests from your IP address. We limit our service to 50 unique lookups per hour. Please wait 1 hour before making another request for your access to reset.
2026-07-06 10:05:27,002 - __main__ - INFO - Next run will occur in 1 hour due to updated schedule.
2026-07-06 14:21:46,736 - __main__ - INFO - Token value: 1234
2026-07-06 14:21:46,822 - __main__ - WARNING - API rate limit exceeded (status code: 429). This is temporary and will reset automatically.
2026-07-06 14:21:46,823 - __main__ - WARNING - Error message: Too many requests from your IP address. We limit our service to 50 unique lookups per hour. Please wait 1 hour before making another request for your access to reset.
2026-07-06 14:21:46,823 - __main__ - INFO - Next run will occur in 1 hour due to updated schedule.
2026-07-06 17:38:07,755 - __main__ - INFO - Token value: 1234
2026-07-06 17:38:08,313 - __main__ - WARNING - API rate limit exceeded (status code: 429). This is temporary and will reset automatically.
2026-07-06 17:38:08,315 - __main__ - WARNING - Error message: Too many requests from your IP address. We limit our service to 50 unique lookups per hour. Please wait 1 hour before making another request for your access to reset.
2026-07-06 17:38:08,315 - __main__ - INFO - Next run will occur in 1 hour due to updated schedule.
2026-07-06 19:47:30,325 - __main__ - INFO - Token value: 1234
2026-07-06 19:47:30,419 - __main__ - WARNING - API rate limit exceeded (status code: 429). This is temporary and will reset automatically.
2026-07-06 19:47:30,421 - __main__ - WARNING - Error message: Too many requests from your IP address. We limit our service to 50 unique lookups per hour. Please wait 1 hour before making another request for your access to reset.
2026-07-06 19:47:30,421 - __main__ - INFO - Next run will occur in 1 hour due to updated schedule.
2026-07-06 21:24:07,451 - __main__ - INFO - Token value: 1234
2026-07-06 21:24:07,925 - __main__ - WARNING - API rate limit exceeded (status code: 429). This is temporary and will reset automatically.
2026-07-06 21:24:07,927 - __main__ - WARNING - Error message: Too many requests from your IP address. We limit our service to 50 unique lookups per hour. Please wait 1 hour before making another request for your access to reset.
2026-07-06 21:24:07,927 - __main__ - INFO - Next run will occur in 1 hour due to updated schedule.
2026-07-06 23:01:32,387 - __main__ - INFO - Token value: 1234
2026-07-06 23:01:32,570 - __main__ - WARNING - API rate limit exceeded (status code: 429). This is temporary and will reset automatically.
2026-07-06 23:01:32,572 - __main__ - WARNING - Error message: Too many requests from your IP address. We limit our service to 50 unique lookups per hour. Please wait 1 hour before making another request for your access to reset.
2026-07-06 23:01:32,572 - __main__ - INFO - Next run will occur in 1 hour due to updated schedule.
2026-07-07 02:33:51,488 - __main__ - INFO - Token value: 1234
2026-07-07 02:33:51,786 - __main__ - WARNING - API rate limit exceeded (status code: 429). This is temporary and will reset automatically.
2026-07-07 02:33:51,788 - __main__ - WARNING - Error message: Too many requests from your IP address. We limit our service to 50 unique lookups per hour. Please wait 1 hour before making another request for your access to reset.
2026-07-07 02:33:51,788 - __main__ - INFO - Next run will occur in 1 hour due to updated schedule.
2026-07-07 06:40:24,692 - __main__ - INFO - Token value: 1234
2026-07-07 06:40:25,454 - __main__ - WARNING - API rate limit exceeded (status code: 429). This is temporary and will reset automatically.
2026-07-07 06:40:25,455 - __main__ - WARNING - Error message: Too many requests from your IP address. We limit our service to 50 unique lookups per hour. Please wait 1 hour before making another request for your access to reset.
2026-07-07 06:40:25,455 - __main__ - INFO - Next run will occur in 1 hour due to updated schedule.
2026-07-07 10:20:55,757 - __main__ - INFO - Token value: 1234
2026-07-07 10:20:55,952 - __main__ - WARNING - API rate limit exceeded (status code: 429). This is temporary and will reset automatically.
2026-07-07 10:20:55,954 - __main__ - WARNING - Error message: Too many requests from your IP address. We limit our service to 50 unique lookups per hour. Please wait 1 hour before making another request for your access to reset.
2026-07-07 10:20:55,954 - __main__ - INFO - Next run will occur in 1 hour due to updated schedule.
2026-07-07 13:13:56,493 - __main__ - INFO - Token value: 1234
2026-07-07 13:13:56,940 - __main__ - WARNING - API rate limit exceeded (status code: 429). This is temporary and will reset automatically.
2026-07-07 13:13:56,942 - __main__ - WARNING - Error message: Too many requests from your IP address. We limit our service to 50 unique lookups per hour. Please wait 1 hour before making another request for your access to reset.
2026-07-07 13:13:56,943 - __main__ - INFO - Next run will occur in 1 hour due to updated schedule.
2026-07-07 16:23:58,090 - __main__ - INFO - Token value: 1234
2026-07-07 16:23:58,306 - __main__ - WARNING - API rate limit exceeded (status code: 429). This is temporary and will reset automatically.
2026-07-07 16:23:58,308 - __main__ - WARNING - Error message: Too many requests from your IP address. We limit our service to 50 unique lookups per hour. Please wait 1 hour before making another request for your access to reset.
2026-07-07 16:23:58,308 - __main__ - INFO - Next run will occur in 1 hour due to updated schedule.
2026-07-07 18:57:31,957 - __main__ - INFO - Token value: 1234
2026-07-07 18:57:32,528 - __main__ - WARNING - API rate limit exceeded (status code: 429). This is temporary and will reset automatically.
2026-07-07 18:57:32,530 - __main__ - WARNING - Error message: Too many requests from your IP address. We limit our service to 50 unique lookups per hour. Please wait 1 hour before making another request for your access to reset.
2026-07-07 18:57:32,530 - __main__ - INFO - Next run will occur in 1 hour due to updated schedule.
2026-07-07 20:48:59,564 - __main__ - INFO - Token value: 1234
2026-07-07 20:49:00,190 - __main__ - WARNING - API rate limit exceeded (status code: 429). This is temporary and will reset automatically.
2026-07-07 20:49:00,192 - __main__ - WARNING - Error message: Too many requests from your IP address. We limit our service to 50 unique lookups per hour. Please wait 1 hour before making another request for your access to reset.
2026-07-07 20:49:00,192 - __main__ - INFO - Next run will occur in 1 hour due to updated schedule.
2026-07-07 22:07:20,354 - __main__ - INFO - Token value: 1234
2026-07-07 22:07:20,983 - __main__ - WARNING - API rate limit exceeded (status code: 429). This is temporary and will reset automatically.
2026-07-07 22:07:20,986 - __main__ - WARNING - Error message: Too many requests from your IP address. We limit our service to 50 unique lookups per hour. Please wait 1 hour before making another request for your access to reset.
2026-07-07 22:07:20,986 - __main__ - INFO - Next run will occur in 1 hour due to updated schedule.
2026-07-07 23:53:06,547 - __main__ - INFO - Token value: 1234
2026-07-07 23:53:06,904 - __main__ - WARNING - API rate limit exceeded (status code: 429). This is temporary and will reset automatically.
2026-07-07 23:53:06,906 - __main__ - WARNING - Error message: Too many requests from your IP address. We limit our service to 50 unique lookups per hour. Please wait 1 hour before making another request for your access to reset.
2026-07-07 23:53:06,906 - __main__ - INFO - Next run will occur in 1 hour due to updated schedule.
2026-07-08 02:07:26,801 - __main__ - INFO - Token value: 1234
2026-07-08 02:07:26,999 - __main__ - WARNING - API rate limit exceeded (status code: 429). This is temporary and will reset automatically.
2026-07-08 02:07:27,000 - __main__ - WARNING - Error message: Too many requests from your IP address. We limit our service to 50 unique lookups per hour. Please wait 1 hour before making another request for your access to reset.
2026-07-08 02:07:27,001 - __main__ - INFO - Next run will occur in 1 hour due to updated schedule.
2026-07-08 05:44:41,095 - __main__ - INFO - Token value: 1234
2026-07-08 05:44:41,217 - __main__ - WARNING - API rate limit exceeded (status code: 429). This is temporary and will reset automatically.
2026-07-08 05:44:41,219 - __main__ - WARNING - Error message: Too many requests from your IP address. We limit our service to 50 unique lookups per hour. Please wait 1 hour before making another request for your access to reset.
2026-07-08 05:44:41,219 - __main__ - INFO - Next run will occur in 1 hour due to updated schedule.
2026-07-08 08:15:56,912 - __main__ - INFO - Token value: 1234
2026-07-08 08:15:57,661 - __main__ - WARNING - API rate limit exceeded (status code: 429). This is temporary and will reset automatically.
2026-07-08 08:15:57,662 - __main__ - WARNING - Error message: Too many requests from your IP address. We limit our service to 50 unique lookups per hour. Please wait 1 hour before making another request for your access to reset.
2026-07-08 08:15:57,663 - __main__ - INFO - Next run will occur in 1 hour due to updated schedule.
2026-07-08 10:58:26,347 - __main__ - INFO - Token value: 1234
2026-07-08 10:58:26,416 - __main__ - WARNING - API rate limit exceeded (status code: 429). This is temporary and will reset automatically.
2026-07-08 10:58:26,418 - __main__ - WARNING - Error message: Too many requests from your IP address. We limit our service to 50 unique lookups per hour. Please wait 1 hour before making another request for your access to reset.
2026-07-08 10:58:26,418 - __main__ - INFO - Next run will occur in 1 hour due to updated schedule.
2026-07-08 12:22:09,895 - __main__ - INFO - Token value: 1234
2026-07-08 12:22:10,134 - __main__ - WARNING - API rate limit exceeded (status code: 429). This is temporary and will reset automatically.
2026-07-08 12:22:10,136 - __main__ - WARNING - Error message: Too many requests from your IP address. We limit our service to 50 unique lookups per hour. Please wait 1 hour before making another request for your access to reset.
2026-07-08 12:22:10,136 - __main__ - INFO - Next run will occur in 1 hour due to updated schedule.
2026-07-08 15:13:42,907 - __main__ - INFO - Token value: 1234
2026-07-08 15:13:43,015 - __main__ - WARNING - API rate limit exceeded (status code: 429). This is temporary and will reset automatically.
2026-07-08 15:13:43,018 - __main__ - WARNING - Error message: Too many requests from your IP address. We limit our service to 50 unique lookups per hour. Please wait 1 hour before making another request for your access to reset.
2026-07-08 15:13:43,018 - __main__ - INFO - Next run will occur in 1 hour due to updated schedule.
2026-07-08 17:23:37,195 - __main__ - INFO - Token value: 1234
2026-07-08 17:23:37,271 - __main__ - WARNING - API rate limit exceeded (status code: 429). This is temporary and will reset automatically.
2026-07-08 17:23:37,273 - __main__ - WARNING - Error message: Too many requests from your IP address. We limit our service to 50 unique lookups per hour. Please wait 1 hour before making another request for your access to reset.
2026-07-08 17:23:37,273 - __main__ - INFO - Next run will occur in 1 hour due to updated schedule.
2026-07-08 19:15:36,478 - __main__ - INFO - Token value: 1234
2026-07-08 19:15:37,077 - __main__ - WARNING - API rate limit exceeded (status code: 429). This is temporary and will reset automatically.
2026-07-08 19:15:37,078 - __main__ - WARNING - Error message: Too many requests from your IP address. We limit our service to 50 unique lookups per hour. Please wait 1 hour before making another request for your access to reset.
2026-07-08 19:15:37,078 - __main__ - INFO - Next run will occur in 1 hour due to updated schedule.
2026-07-08 21:00:15,742 - __main__ - INFO - Token value: 1234
2026-07-08 21:00:16,329 - __main__ - WARNING - API rate limit exceeded (status code: 429). This is temporary and will reset automatically.
2026-07-08 21:00:16,331 - __main__ - WARNING - Error message: Too many requests from your IP address. We limit our service to 50 unique lookups per hour. Please wait 1 hour before making another request for your access to reset.
2026-07-08 21:00:16,331 - __main__ - INFO - Next run will occur in 1 hour due to updated schedule.
2026-07-08 22:13:06,801 - __main__ - INFO - Token value: 1234
2026-07-08 22:13:06,880 - __main__ - WARNING - API rate limit exceeded (status code: 429). This is temporary and will reset automatically.
2026-07-08 22:13:06,882 - __main__ - WARNING - Error message: Too many requests from your IP address. We limit our service to 50 unique lookups per hour. Please wait 1 hour before making another request for your access to reset.
2026-07-08 22:13:06,882 - __main__ - INFO - Next run will occur in 1 hour due to updated schedule.
2026-07-09 00:04:13,404 - __main__ - INFO - Token value: 1234
2026-07-09 00:04:14,208 - __main__ - WARNING - API rate limit exceeded (status code: 429). This is temporary and will reset automatically.
2026-07-09 00:04:14,210 - __main__ - WARNING - Error message: Too many requests from your IP address. We limit our service to 50 unique lookups per hour. Please wait 1 hour before making another request for your access to reset.
2026-07-09 00:04:14,210 - __main__ - INFO - Next run will occur in 1 hour due to updated schedule.
2026-07-09 04:45:44,188 - __main__ - INFO - Token value: 1234
2026-07-09 04:45:44,754 - __main__ - WARNING - API rate limit exceeded (status code: 429). This is temporary and will reset automatically.
2026-07-09 04:45:44,756 - __main__ - WARNING - Error message: Too many requests from your IP address. We limit our service to 50 unique lookups per hour. Please wait 1 hour before making another request for your access to reset.
2026-07-09 04:45:44,756 - __main__ - INFO - Next run will occur in 1 hour due to updated schedule.
2026-07-09 08:22:25,271 - __main__ - INFO - Token value: 1234
2026-07-09 08:22:25,471 - __main__ - WARNING - API rate limit exceeded (status code: 429). This is temporary and will reset automatically.
2026-07-09 08:22:25,473 - __main__ - WARNING - Error message: Too many requests from your IP address. We limit our service to 50 unique lookups per hour. Please wait 1 hour before making another request for your access to reset.
2026-07-09 08:22:25,473 - __main__ - INFO - Next run will occur in 1 hour due to updated schedule.
2026-07-09 11:56:26,458 - __main__ - INFO - Token value: 1234
2026-07-09 11:56:26,699 - __main__ - WARNING - API rate limit exceeded (status code: 429). This is temporary and will reset automatically.
2026-07-09 11:56:26,701 - __main__ - WARNING - Error message: Too many requests from your IP address. We limit our service to 50 unique lookups per hour. Please wait 1 hour before making another request for your access to reset.
2026-07-09 11:56:26,701 - __main__ - INFO - Next run will occur in 1 hour due to updated schedule.
2026-07-09 14:43:47,467 - __main__ - INFO - Token value: 1234
2026-07-09 14:43:47,684 - __main__ - WARNING - API rate limit exceeded (status code: 429). This is temporary and will reset automatically.
2026-07-09 14:43:47,687 - __main__ - WARNING - Error message: Too many requests from your IP address. We limit our service to 50 unique lookups per hour. Please wait 1 hour before making another request for your access to reset.
2026-07-09 14:43:47,687 - __main__ - INFO - Next run will occur in 1 hour due to updated schedule.
2026-07-09 17:16:05,965 - __main__ - INFO - Token value: 1234
2026-07-09 17:16:06,194 - __main__ - WARNING - API rate limit exceeded (status code: 429). This is temporary and will reset automatically.
2026-07-09 17:16:06,196 - __main__ - WARNING - Error message: Too many requests from your IP address. We limit our service to 50 unique lookups per hour. Please wait 1 hour before making another request for your access to reset.
2026-07-09 17:16:06,196 - __main__ - INFO - Next run will occur in 1 hour due to updated schedule.
2026-07-09 19:28:36,762 - __main__ - INFO - Token value: 1234
2026-07-09 19:28:37,478 - __main__ - WARNING - API rate limit exceeded (status code: 429). This is temporary and will reset automatically.
2026-07-09 19:28:37,480 - __main__ - WARNING - Error message: Too many requests from your IP address. We limit our service to 50 unique lookups per hour. Please wait 1 hour before making another request for your access to reset.
2026-07-09 19:28:37,480 - __main__ - INFO - Next run will occur in 1 hour due to updated schedule.
2026-07-09 21:17:04,110 - __main__ - INFO - Token value: 1234
2026-07-09 21:17:04,394 - __main__ - WARNING - API rate limit exceeded (status code: 429). This is temporary and will reset automatically.
2026-07-09 21:17:04,396 - __main__ - WARNING - Error message: Too many requests from your IP address. We limit our service to 50 unique lookups per hour. Please wait 1 hour before making another request for your access to reset.
2026-07-09 21:17:04,396 - __main__ - INFO - Next run will occur in 1 hour due to updated schedule.
2026-07-09 23:05:58,976 - __main__ - INFO - Token value: 1234
2026-07-09 23:05:59,612 - __main__ - WARNING - API rate limit exceeded (status code: 429). This is temporary and will reset automatically.
2026-07-09 23:05:59,614 - __main__ - WARNING - Error message: Too many requests from your IP address. We limit our service to 50 unique lookups per hour. Please wait 1 hour before making another request for your access to reset.
2026-07-09 23:05:59,614 - __main__ - INFO - Next run will occur in 1 hour due to updated schedule.
2026-07-10 02:27:28,313 - __main__ - INFO - Token value: 1234
2026-07-10 02:27:28,563 - __main__ - WARNING - API rate limit exceeded (status code: 429). This is temporary and will reset automatically.
2026-07-10 02:27:28,565 - __main__ - WARNING - Error message: Too many requests from your IP address. We limit our service to 50 unique lookups per hour. Please wait 1 hour before making another request for your access to reset.
2026-07-10 02:27:28,565 - __main__ - INFO - Next run will occur in 1 hour due to updated schedule.
2026-07-10 06:38:24,068 - __main__ - INFO - Token value: 1234
2026-07-10 06:38:24,491 - __main__ - WARNING - API rate limit exceeded (status code: 429). This is temporary and will reset automatically.
2026-07-10 06:38:24,493 - __main__ - WARNING - Error message: Too many requests from your IP address. We limit our service to 50 unique lookups per hour. Please wait 1 hour before making another request for your access to reset.
2026-07-10 06:38:24,493 - __main__ - INFO - Next run will occur in 1 hour due to updated schedule.
2026-07-10 10:18:31,498 - __main__ - INFO - Token value: 1234
2026-07-10 10:18:31,982 - __main__ - WARNING - API rate limit exceeded (status code: 429). This is temporary and will reset automatically.
2026-07-10 10:18:31,984 - __main__ - WARNING - Error message: Too many requests from your IP address. We limit our service to 50 unique lookups per hour. Please wait 1 hour before making another request for your access to reset.
2026-07-10 10:18:31,984 - __main__ - INFO - Next run will occur in 1 hour due to updated schedule.
2026-07-10 13:07:22,056 - __main__ - INFO - Token value: 1234
2026-07-10 13:07:22,680 - __main__ - WARNING - API rate limit exceeded (status code: 429). This is temporary and will reset automatically.
2026-07-10 13:07:22,682 - __main__ - WARNING - Error message: Too many requests from your IP address. We limit our service to 50 unique lookups per hour. Please wait 1 hour before making another request for your access to reset.
2026-07-10 13:07:22,682 - __main__ - INFO - Next run will occur in 1 hour due to updated schedule.
2026-07-10 16:20:42,427 - __main__ - INFO - Token value: 1234
2026-07-10 16:20:42,655 - __main__ - WARNING - API rate limit exceeded (status code: 429). This is temporary and will reset automatically.
2026-07-10 16:20:42,657 - __main__ - WARNING - Error message: Too many requests from your IP address. We limit our service to 50 unique lookups per hour. Please wait 1 hour before making another request for your access to reset.
2026-07-10 16:20:42,657 - __main__ - INFO - Next run will occur in 1 hour due to updated schedule.
2026-07-10 18:18:45,532 - __main__ - INFO - Token value: 1234
2026-07-10 18:18:46,052 - __main__ - WARNING - API rate limit exceeded (status code: 429). This is temporary and will reset automatically.
2026-07-10 18:18:46,053 - __main__ - WARNING - Error message: Too many requests from your IP address. We limit our service to 50 unique lookups per hour. Please wait 1 hour before making another request for your access to reset.
2026-07-10 18:18:46,053 - __main__ - INFO - Next run will occur in 1 hour due to updated schedule.
2026-07-10 20:17:17,201 - __main__ - INFO - Token value: 1234
2026-07-10 20:17:17,321 - __main__ - WARNING - API rate limit exceeded (status code: 429). This is temporary and will reset automatically.
2026-07-10 20:17:17,324 - __main__ - WARNING - Error message: Too many requests from your IP address. We limit our service to 50 unique lookups per hour. Please wait 1 hour before making another request for your access to reset.
2026-07-10 20:17:17,324 - __main__ - INFO - Next run will occur in 1 hour due to updated schedule.
2026-07-10 21:55:48,994 - __main__ - INFO - Token value: 1234
2026-07-10 21:55:49,600 - __main__ - WARNING - API rate limit exceeded (status code: 429). This is temporary and will reset automatically.
2026-07-10 21:55:49,602 - __main__ - WARNING - Error message: Too many requests from your IP address. We limit our service to 50 unique lookups per hour. Please wait 1 hour before making another request for your access to reset.
2026-07-10 21:55:49,602 - __main__ - INFO - Next run will occur in 1 hour due to updated schedule.
2026-07-10 22:56:22,787 - __main__ - INFO - Token value: 1234
2026-07-10 22:56:23,244 - __main__ - WARNING - API rate limit exceeded (status code: 429). This is temporary and will reset automatically.
2026-07-10 22:56:23,246 - __main__ - WARNING - Error message: Too many requests from your IP address. We limit our service to 50 unique lookups per hour. Please wait 1 hour before making another request for your access to reset.
2026-07-10 22:56:23,246 - __main__ - INFO - Next run will occur in 1 hour due to updated schedule.
2026-07-10 23:55:07,230 - __main__ - INFO - Token value: 1234
2026-07-10 23:55:07,332 - __main__ - WARNING - API rate limit exceeded (status code: 429). This is temporary and will reset automatically.
2026-07-10 23:55:07,334 - __main__ - WARNING - Error message: Too many requests from your IP address. We limit our service to 50 unique lookups per hour. Please wait 1 hour before making another request for your access to reset.
2026-07-10 23:55:07,334 - __main__ - INFO - Next run will occur in 1 hour due to updated schedule.
2026-07-11 02:05:09,846 - __main__ - INFO - Token value: 1234
2026-07-11 02:05:10,276 - __main__ - WARNING - API rate limit exceeded (status code: 429). This is temporary and will reset automatically.
2026-07-11 02:05:10,277 - __main__ - WARNING - Error message: Too many requests from your IP address. We limit our service to 50 unique lookups per hour. Please wait 1 hour before making another request for your access to reset.
2026-07-11 02:05:10,277 - __main__ - INFO - Next run will occur in 1 hour due to updated schedule.
2026-07-11 05:34:36,366 - __main__ - INFO - Token value: 1234
2026-07-11 05:34:37,046 - __main__ - WARNING - API rate limit exceeded (status code: 429). This is temporary and will reset automatically.
2026-07-11 05:34:37,048 - __main__ - WARNING - Error message: Too many requests from your IP address. We limit our service to 50 unique lookups per hour. Please wait 1 hour before making another request for your access to reset.
2026-07-11 05:34:37,048 - __main__ - INFO - Next run will occur in 1 hour due to updated schedule.
2026-07-11 07:45:35,484 - __main__ - INFO - Token value: 1234
2026-07-11 07:45:36,285 - __main__ - WARNING - API rate limit exceeded (status code: 429). This is temporary and will reset automatically.
2026-07-11 07:45:36,287 - __main__ - WARNING - Error message: Too many requests from your IP address. We limit our service to 50 unique lookups per hour. Please wait 1 hour before making another request for your access to reset.
2026-07-11 07:45:36,287 - __main__ - INFO - Next run will occur in 1 hour due to updated schedule.
2026-07-11 09:21:49,916 - __main__ - INFO - Token value: 1234
2026-07-11 09:21:50,456 - __main__ - WARNING - API rate limit exceeded (status code: 429). This is temporary and will reset automatically.
2026-07-11 09:21:50,458 - __main__ - WARNING - Error message: Too many requests from your IP address. We limit our service to 50 unique lookups per hour. Please wait 1 hour before making another request for your access to reset.
2026-07-11 09:21:50,458 - __main__ - INFO - Next run will occur in 1 hour due to updated schedule.
2026-07-11 10:58:37,142 - __main__ - INFO - Token value: 1234
2026-07-11 10:58:38,419 - __main__ - WARNING - API rate limit exceeded (status code: 429). This is temporary and will reset automatically.
2026-07-11 10:58:38,421 - __main__ - WARNING - Error message: Too many requests from your IP address. We limit our service to 50 unique lookups per hour. Please wait 1 hour before making another request for your access to reset.
2026-07-11 10:58:38,421 - __main__ - INFO - Next run will occur in 1 hour due to updated schedule.
2026-07-11 11:54:35,127 - __main__ - INFO - Token value: 1234
2026-07-11 11:54:35,603 - __main__ - WARNING - API rate limit exceeded (status code: 429). This is temporary and will reset automatically.
2026-07-11 11:54:35,605 - __main__ - WARNING - Error message: Too many requests from your IP address. We limit our service to 50 unique lookups per hour. Please wait 1 hour before making another request for your access to reset.
2026-07-11 11:54:35,605 - __main__ - INFO - Next run will occur in 1 hour due to updated schedule.
2026-07-11 13:05:14,853 - __main__ - INFO - Token value: 1234
2026-07-11 13:05:15,385 - __main__ - WARNING - API rate limit exceeded (status code: 429). This is temporary and will reset automatically.
2026-07-11 13:05:15,387 - __main__ - WARNING - Error message: Too many requests from your IP address. We limit our service to 50 unique lookups per hour. Please wait 1 hour before making another request for your access to reset.
2026-07-11 13:05:15,387 - __main__ - INFO - Next run will occur in 1 hour due to updated schedule.
2026-07-11 14:47:04,421 - __main__ - INFO - Token value: 1234
2026-07-11 14:47:04,513 - __main__ - WARNING - API rate limit exceeded (status code: 429). This is temporary and will reset automatically.
2026-07-11 14:47:04,515 - __main__ - WARNING - Error message: Too many requests from your IP address. We limit our service to 50 unique lookups per hour. Please wait 1 hour before making another request for your access to reset.
2026-07-11 14:47:04,516 - __main__ - INFO - Next run will occur in 1 hour due to updated schedule.
2026-07-11 15:49:14,778 - __main__ - INFO - Token value: 1234
2026-07-11 15:49:14,864 - __main__ - WARNING - API rate limit exceeded (status code: 429). This is temporary and will reset automatically.
2026-07-11 15:49:14,866 - __main__ - WARNING - Error message: Too many requests from your IP address. We limit our service to 50 unique lookups per hour. Please wait 1 hour before making another request for your access to reset.
2026-07-11 15:49:14,866 - __main__ - INFO - Next run will occur in 1 hour due to updated schedule.
2026-07-11 16:49:25,078 - __main__ - INFO - Token value: 1234
2026-07-11 16:49:25,586 - __main__ - WARNING - API rate limit exceeded (status code: 429). This is temporary and will reset automatically.
2026-07-11 16:49:25,588 - __main__ - WARNING - Error message: Too many requests from your IP address. We limit our service to 50 unique lookups per hour. Please wait 1 hour before making another request for your access to reset.
2026-07-11 16:49:25,588 - __main__ - INFO - Next run will occur in 1 hour due to updated schedule.
2026-07-11 17:50:06,587 - __main__ - INFO - Token value: 1234
2026-07-11 17:50:06,950 - __main__ - WARNING - API rate limit exceeded (status code: 429). This is temporary and will reset automatically.
2026-07-11 17:50:06,952 - __main__ - WARNING - Error message: Too many requests from your IP address. We limit our service to 50 unique lookups per hour. Please wait 1 hour before making another request for your access to reset.
2026-07-11 17:50:06,952 - __main__ - INFO - Next run will occur in 1 hour due to updated schedule.
2026-07-11 18:52:43,591 - __main__ - INFO - Token value: 1234
2026-07-11 18:52:44,042 - __main__ - WARNING - API rate limit exceeded (status code: 429). This is temporary and will reset automatically.
2026-07-11 18:52:44,044 - __main__ - WARNING - Error message: Too many requests from your IP address. We limit our service to 50 unique lookups per hour. Please wait 1 hour before making another request for your access to reset.
2026-07-11 18:52:44,044 - __main__ - INFO - Next run will occur in 1 hour due to updated schedule.
2026-07-11 20:02:24,074 - __main__ - INFO - Token value: 1234
2026-07-11 20:02:24,665 - __main__ - WARNING - API rate limit exceeded (status code: 429). This is temporary and will reset automatically.
2026-07-11 20:02:24,667 - __main__ - WARNING - Error message: Too many requests from your IP address. We limit our service to 50 unique lookups per hour. Please wait 1 hour before making another request for your access to reset.
2026-07-11 20:02:24,667 - __main__ - INFO - Next run will occur in 1 hour due to updated schedule.
2026-07-11 21:42:24,820 - __main__ - INFO - Token value: 1234
2026-07-11 21:42:25,286 - __main__ - WARNING - API rate limit exceeded (status code: 429). This is temporary and will reset automatically.
2026-07-11 21:42:25,289 - __main__ - WARNING - Error message: Too many requests from your IP address. We limit our service to 50 unique lookups per hour. Please wait 1 hour before making another request for your access to reset.
2026-07-11 21:42:25,289 - __main__ - INFO - Next run will occur in 1 hour due to updated schedule.
2026-07-11 22:40:52,395 - __main__ - INFO - Token value: 1234
2026-07-11 22:40:53,163 - __main__ - WARNING - API rate limit exceeded (status code: 429). This is temporary and will reset automatically.
2026-07-11 22:40:53,165 - __main__ - WARNING - Error message: Too many requests from your IP address. We limit our service to 50 unique lookups per hour. Please wait 1 hour before making another request for your access to reset.
2026-07-11 22:40:53,165 - __main__ - INFO - Next run will occur in 1 hour due to updated schedule.
2026-07-11 23:48:47,997 - __main__ - INFO - Token value: 1234
2026-07-11 23:48:48,539 - __main__ - WARNING - API rate limit exceeded (status code: 429). This is temporary and will reset automatically.
2026-07-11 23:48:48,541 - __main__ - WARNING - Error message: Too many requests from your IP address. We limit our service to 50 unique lookups per hour. Please wait 1 hour before making another request for your access to reset.
2026-07-11 23:48:48,541 - __main__ - INFO - Next run will occur in 1 hour due to updated schedule.
2026-07-12 02:08:48,797 - __main__ - INFO - Token value: 1234
2026-07-12 02:08:49,420 - __main__ - WARNING - API rate limit exceeded (status code: 429). This is temporary and will reset automatically.
2026-07-12 02:08:49,422 - __main__ - WARNING - Error message: Too many requests from your IP address. We limit our service to 50 unique lookups per hour. Please wait 1 hour before making another request for your access to reset.
2026-07-12 02:08:49,422 - __main__ - INFO - Next run will occur in 1 hour due to updated schedule.
2026-07-12 05:50:49,374 - __main__ - INFO - Token value: 1234
2026-07-12 05:50:49,685 - __main__ - WARNING - API rate limit exceeded (status code: 429). This is temporary and will reset automatically.
2026-07-12 05:50:49,687 - __main__ - WARNING - Error message: Too many requests from your IP address. We limit our service to 50 unique lookups per hour. Please wait 1 hour before making another request for your access to reset.
2026-07-12 05:50:49,687 - __main__ - INFO - Next run will occur in 1 hour due to updated schedule.
2026-07-12 08:07:06,619 - __main__ - INFO - Token value: 1234
2026-07-12 08:07:07,127 - __main__ - WARNING - API rate limit exceeded (status code: 429). This is temporary and will reset automatically.
2026-07-12 08:07:07,129 - __main__ - WARNING - Error message: Too many requests from your IP address. We limit our service to 50 unique lookups per hour. Please wait 1 hour before making another request for your access to reset.
2026-07-12 08:07:07,129 - __main__ - INFO - Next run will occur in 1 hour due to updated schedule.
2026-07-12 10:21:30,975 - __main__ - INFO - Token value: 1234
2026-07-12 10:21:32,032 - __main__ - WARNING - API rate limit exceeded (status code: 429). This is temporary and will reset automatically.
2026-07-12 10:21:32,034 - __main__ - WARNING - Error message: Too many requests from your IP address. We limit our service to 50 unique lookups per hour. Please wait 1 hour before making another request for your access to reset.
2026-07-12 10:21:32,034 - __main__ - INFO - Next run will occur in 1 hour due to updated schedule.
2026-07-12 11:54:15,953 - __main__ - INFO - Token value: 1234
2026-07-12 11:54:16,751 - __main__ - WARNING - API rate limit exceeded (status code: 429). This is temporary and will reset automatically.
2026-07-12 11:54:16,753 - __main__ - WARNING - Error message: Too many requests from your IP address. We limit our service to 50 unique lookups per hour. Please wait 1 hour before making another request for your access to reset.
2026-07-12 11:54:16,753 - __main__ - INFO - Next run will occur in 1 hour due to updated schedule.
2026-07-12 13:05:51,003 - __main__ - INFO - Token value: 1234
2026-07-12 13:05:51,080 - __main__ - WARNING - API rate limit exceeded (status code: 429). This is temporary and will reset automatically.
2026-07-12 13:05:51,082 - __main__ - WARNING - Error message: Too many requests from your IP address. We limit our service to 50 unique lookups per hour. Please wait 1 hour before making another request for your access to reset.
2026-07-12 13:05:51,082 - __main__ - INFO - Next run will occur in 1 hour due to updated schedule.
2026-07-12 14:50:11,115 - __main__ - INFO - Token value: 1234
2026-07-12 14:50:11,303 - __main__ - WARNING - API rate limit exceeded (status code: 429). This is temporary and will reset automatically.
2026-07-12 14:50:11,305 - __main__ - WARNING - Error message: Too many requests from your IP address. We limit our service to 50 unique lookups per hour. Please wait 1 hour before making another request for your access to reset.
2026-07-12 14:50:11,305 - __main__ - INFO - Next run will occur in 1 hour due to updated schedule.
2026-07-12 15:53:41,742 - __main__ - INFO - Token value: 1234
2026-07-12 15:53:42,540 - __main__ - WARNING - API rate limit exceeded (status code: 429). This is temporary and will reset automatically.
2026-07-12 15:53:42,542 - __main__ - WARNING - Error message: Too many requests from your IP address. We limit our service to 50 unique lookups per hour. Please wait 1 hour before making another request for your access to reset.
2026-07-12 15:53:42,542 - __main__ - INFO - Next run will occur in 1 hour due to updated schedule.
2026-07-12 16:52:50,834 - __main__ - INFO - Token value: 1234
2026-07-12 16:52:51,149 - __main__ - WARNING - API rate limit exceeded (status code: 429). This is temporary and will reset automatically.
2026-07-12 16:52:51,151 - __main__ - WARNING - Error message: Too many requests from your IP address. We limit our service to 50 unique lookups per hour. Please wait 1 hour before making another request for your access to reset.
2026-07-12 16:52:51,151 - __main__ - INFO - Next run will occur in 1 hour due to updated schedule.
2026-07-12 17:55:05,282 - __main__ - INFO - Token value: 1234
2026-07-12 17:55:06,044 - __main__ - WARNING - API rate limit exceeded (status code: 429). This is temporary and will reset automatically.
2026-07-12 17:55:06,046 - __main__ - WARNING - Error message: Too many requests from your IP address. We limit our service to 50 unique lookups per hour. Please wait 1 hour before making another request for your access to reset.
2026-07-12 17:55:06,046 - __main__ - INFO - Next run will occur in 1 hour due to updated schedule.
2026-07-12 18:57:18,475 - __main__ - INFO - Token value: 1234
2026-07-12 18:57:18,935 - __main__ - WARNING - API rate limit exceeded (status code: 429). This is temporary and will reset automatically.
2026-07-12 18:57:18,937 - __main__ - WARNING - Error message: Too many requests from your IP address. We limit our service to 50 unique lookups per hour. Please wait 1 hour before making another request for your access to reset.
2026-07-12 18:57:18,937 - __main__ - INFO - Next run will occur in 1 hour due to updated schedule.
2026-07-12 20:05:25,578 - __main__ - INFO - Token value: 1234
2026-07-12 20:05:26,184 - __main__ - WARNING - API rate limit exceeded (status code: 429). This is temporary and will reset automatically.
2026-07-12 20:05:26,185 - __main__ - WARNING - Error message: Too many requests from your IP address. We limit our service to 50 unique lookups per hour. Please wait 1 hour before making another request for your access to reset.
2026-07-12 20:05:26,185 - __main__ - INFO - Next run will occur in 1 hour due to updated schedule.
2026-07-12 21:42:30,532 - __main__ - INFO - Token value: 1234
2026-07-12 21:42:31,104 - __main__ - WARNING - API rate limit exceeded (status code: 429). This is temporary and will reset automatically.
2026-07-12 21:42:31,105 - __main__ - WARNING - Error message: Too many requests from your IP address. We limit our service to 50 unique lookups per hour. Please wait 1 hour before making another request for your access to reset.
2026-07-12 21:42:31,105 - __main__ - INFO - Next run will occur in 1 hour due to updated schedule.
2026-07-12 22:40:54,747 - __main__ - INFO - Token value: 1234
2026-07-12 22:40:54,946 - __main__ - WARNING - API rate limit exceeded (status code: 429). This is temporary and will reset automatically.
2026-07-12 22:40:54,948 - __main__ - WARNING - Error message: Too many requests from your IP address. We limit our service to 50 unique lookups per hour. Please wait 1 hour before making another request for your access to reset.
2026-07-12 22:40:54,948 - __main__ - INFO - Next run will occur in 1 hour due to updated schedule.
2026-07-12 23:46:40,210 - __main__ - INFO - Token value: 1234
2026-07-12 23:46:40,295 - __main__ - WARNING - API rate limit exceeded (status code: 429). This is temporary and will reset automatically.
2026-07-12 23:46:40,297 - __main__ - WARNING - Error message: Too many requests from your IP address. We limit our service to 50 unique lookups per hour. Please wait 1 hour before making another request for your access to reset.
2026-07-12 23:46:40,297 - __main__ - INFO - Next run will occur in 1 hour due to updated schedule.
2026-07-13 02:10:44,558 - __main__ - INFO - Token value: 1234
2026-07-13 02:10:45,033 - __main__ - WARNING - API rate limit exceeded (status code: 429). This is temporary and will reset automatically.
2026-07-13 02:10:45,035 - __main__ - WARNING - Error message: Too many requests from your IP address. We limit our service to 50 unique lookups per hour. Please wait 1 hour before making another request for your access to reset.
2026-07-13 02:10:45,035 - __main__ - INFO - Next run will occur in 1 hour due to updated schedule.
2026-07-13 06:09:08,740 - __main__ - INFO - Token value: 1234
2026-07-13 06:09:09,044 - __main__ - WARNING - API rate limit exceeded (status code: 429). This is temporary and will reset automatically.
2026-07-13 06:09:09,046 - __main__ - WARNING - Error message: Too many requests from your IP address. We limit our service to 50 unique lookups per hour. Please wait 1 hour before making another request for your access to reset.
2026-07-13 06:09:09,046 - __main__ - INFO - Next run will occur in 1 hour due to updated schedule.
2026-07-13 10:18:46,422 - __main__ - INFO - Token value: 1234
2026-07-13 10:18:46,983 - __main__ - WARNING - API rate limit exceeded (status code: 429). This is temporary and will reset automatically.
2026-07-13 10:18:46,985 - __main__ - WARNING - Error message: Too many requests from your IP address. We limit our service to 50 unique lookups per hour. Please wait 1 hour before making another request for your access to reset.
2026-07-13 10:18:46,985 - __main__ - INFO - Next run will occur in 1 hour due to updated schedule.
2026-07-13 13:16:13,193 - __main__ - INFO - Token value: 1234
2026-07-13 13:16:13,464 - __main__ - WARNING - API rate limit exceeded (status code: 429). This is temporary and will reset automatically.
2026-07-13 13:16:13,465 - __main__ - WARNING - Error message: Too many requests from your IP address. We limit our service to 50 unique lookups per hour. Please wait 1 hour before making another request for your access to reset.
2026-07-13 13:16:13,466 - __main__ - INFO - Next run will occur in 1 hour due to updated schedule.
2026-07-13 16:25:36,366 - __main__ - INFO - Token value: 1234
2026-07-13 16:25:37,376 - __main__ - WARNING - API rate limit exceeded (status code: 429). This is temporary and will reset automatically.
2026-07-13 16:25:37,377 - __main__ - WARNING - Error message: Too many requests from your IP address. We limit our service to 50 unique lookups per hour. Please wait 1 hour before making another request for your access to reset.
2026-07-13 16:25:37,377 - __main__ - INFO - Next run will occur in 1 hour due to updated schedule.
2026-07-13 18:28:23,807 - __main__ - INFO - Token value: 1234
2026-07-13 18:28:24,450 - __main__ - WARNING - API rate limit exceeded (status code: 429). This is temporary and will reset automatically.
2026-07-13 18:28:24,452 - __main__ - WARNING - Error message: Too many requests from your IP address. We limit our service to 50 unique lookups per hour. Please wait 1 hour before making another request for your access to reset.
2026-07-13 18:28:24,452 - __main__ - INFO - Next run will occur in 1 hour due to updated schedule.
2026-07-13 20:07:59,365 - __main__ - INFO - Token value: 1234
2026-07-13 20:08:00,049 - __main__ - WARNING - API rate limit exceeded (status code: 429). This is temporary and will reset automatically.
2026-07-13 20:08:00,051 - __main__ - WARNING - Error message: Too many requests from your IP address. We limit our service to 50 unique lookups per hour. Please wait 1 hour before making another request for your access to reset.
2026-07-13 20:08:00,051 - __main__ - INFO - Next run will occur in 1 hour due to updated schedule.
2026-07-13 21:50:32,761 - __main__ - INFO - Token value: 1234
2026-07-13 21:50:33,446 - __main__ - WARNING - API rate limit exceeded (status code: 429). This is temporary and will reset automatically.
2026-07-13 21:50:33,448 - __main__ - WARNING - Error message: Too many requests from your IP address. We limit our service to 50 unique lookups per hour. Please wait 1 hour before making another request for your access to reset.
2026-07-13 21:50:33,448 - __main__ - INFO - Next run will occur in 1 hour due to updated schedule.
2026-07-13 22:50:34,182 - __main__ - INFO - Token value: 1234
2026-07-13 22:50:35,097 - __main__ - WARNING - API rate limit exceeded (status code: 429). This is temporary and will reset automatically.
2026-07-13 22:50:35,099 - __main__ - WARNING - Error message: Too many requests from your IP address. We limit our service to 50 unique lookups per hour. Please wait 1 hour before making another request for your access to reset.
2026-07-13 22:50:35,099 - __main__ - INFO - Next run will occur in 1 hour due to updated schedule.
2026-07-13 23:48:21,804 - __main__ - INFO - Token value: 1234
2026-07-13 23:48:21,879 - __main__ - WARNING - API rate limit exceeded (status code: 429). This is temporary and will reset automatically.
2026-07-13 23:48:21,881 - __main__ - WARNING - Error message: Too many requests from your IP address. We limit our service to 50 unique lookups per hour. Please wait 1 hour before making another request for your access to reset.
2026-07-13 23:48:21,881 - __main__ - INFO - Next run will occur in 1 hour due to updated schedule.
2026-07-14 01:56:22,293 - __main__ - INFO - Token value: 1234
2026-07-14 01:56:22,911 - __main__ - WARNING - API rate limit exceeded (status code: 429). This is temporary and will reset automatically.
2026-07-14 01:56:22,913 - __main__ - WARNING - Error message: Too many requests from your IP address. We limit our service to 50 unique lookups per hour. Please wait 1 hour before making another request for your access to reset.
2026-07-14 01:56:22,913 - __main__ - INFO - Next run will occur in 1 hour due to updated schedule.
2026-07-14 04:48:37,497 - __main__ - INFO - Token value: 1234
2026-07-14 04:48:37,900 - __main__ - WARNING - API rate limit exceeded (status code: 429). This is temporary and will reset automatically.
2026-07-14 04:48:37,902 - __main__ - WARNING - Error message: Too many requests from your IP address. We limit our service to 50 unique lookups per hour. Please wait 1 hour before making another request for your access to reset.
2026-07-14 04:48:37,902 - __main__ - INFO - Next run will occur in 1 hour due to updated schedule.
2026-07-14 07:07:17,638 - __main__ - INFO - Token value: 1234
2026-07-14 07:07:18,076 - __main__ - WARNING - API rate limit exceeded (status code: 429). This is temporary and will reset automatically.
2026-07-14 07:07:18,078 - __main__ - WARNING - Error message: Too many requests from your IP address. We limit our service to 50 unique lookups per hour. Please wait 1 hour before making another request for your access to reset.
2026-07-14 07:07:18,078 - __main__ - INFO - Next run will occur in 1 hour due to updated schedule.
2026-07-14 09:51:29,776 - __main__ - INFO - Token value: 1234
2026-07-14 09:51:30,101 - __main__ - WARNING - API rate limit exceeded (status code: 429). This is temporary and will reset automatically.
2026-07-14 09:51:30,103 - __main__ - WARNING - Error message: Too many requests from your IP address. We limit our service to 50 unique lookups per hour. Please wait 1 hour before making another request for your access to reset.
2026-07-14 09:51:30,103 - __main__ - INFO - Next run will occur in 1 hour due to updated schedule.
2026-07-14 11:21:24,843 - __main__ - INFO - Token value: 1234
2026-07-14 11:21:25,433 - __main__ - WARNING - API rate limit exceeded (status code: 429). This is temporary and will reset automatically.
2026-07-14 11:21:25,435 - __main__ - WARNING - Error message: Too many requests from your IP address. We limit our service to 50 unique lookups per hour. Please wait 1 hour before making another request for your access to reset.
2026-07-14 11:21:25,435 - __main__ - INFO - Next run will occur in 1 hour due to updated schedule.
2026-07-14 13:19:50,955 - __main__ - INFO - Token value: 1234
2026-07-14 13:19:51,328 - __main__ - WARNING - API rate limit exceeded (status code: 429). This is temporary and will reset automatically.
2026-07-14 13:19:51,330 - __main__ - WARNING - Error message: Too many requests from your IP address. We limit our service to 50 unique lookups per hour. Please wait 1 hour before making another request for your access to reset.
2026-07-14 13:19:51,330 - __main__ - INFO - Next run will occur in 1 hour due to updated schedule.
2026-07-14 15:19:16,707 - __main__ - INFO - Token value: 1234
2026-07-14 15:19:17,087 - __main__ - WARNING - API rate limit exceeded (status code: 429). This is temporary and will reset automatically.
2026-07-14 15:19:17,090 - __main__ - WARNING - Error message: Too many requests from your IP address. We limit our service to 50 unique lookups per hour. Please wait 1 hour before making another request for your access to reset.
2026-07-14 15:19:17,090 - __main__ - INFO - Next run will occur in 1 hour due to updated schedule.
2026-07-14 17:07:33,729 - __main__ - INFO - Token value: 1234
2026-07-14 17:07:33,966 - __main__ - WARNING - API rate limit exceeded (status code: 429). This is temporary and will reset automatically.
2026-07-14 17:07:33,968 - __main__ - WARNING - Error message: Too many requests from your IP address. We limit our service to 50 unique lookups per hour. Please wait 1 hour before making another request for your access to reset.
2026-07-14 17:07:33,968 - __main__ - INFO - Next run will occur in 1 hour due to updated schedule.
2026-07-14 19:09:40,381 - __main__ - INFO - Token value: 1234
2026-07-14 19:09:40,729 - __main__ - WARNING - API rate limit exceeded (status code: 429). This is temporary and will reset automatically.
2026-07-14 19:09:40,731 - __main__ - WARNING - Error message: Too many requests from your IP address. We limit our service to 50 unique lookups per hour. Please wait 1 hour before making another request for your access to reset.
2026-07-14 19:09:40,731 - __main__ - INFO - Next run will occur in 1 hour due to updated schedule.
2026-07-14 20:53:51,607 - __main__ - INFO - Token value: 1234
2026-07-14 20:53:52,092 - __main__ - WARNING - API rate limit exceeded (status code: 429). This is temporary and will reset automatically.
2026-07-14 20:53:52,094 - __main__ - WARNING - Error message: Too many requests from your IP address. We limit our service to 50 unique lookups per hour. Please wait 1 hour before making another request for your access to reset.
2026-07-14 20:53:52,094 - __main__ - INFO - Next run will occur in 1 hour due to updated schedule.
2026-07-14 21:52:39,865 - __main__ - INFO - Token value: 1234
2026-07-14 21:52:40,342 - __main__ - WARNING - API rate limit exceeded (status code: 429). This is temporary and will reset automatically.
2026-07-14 21:52:40,344 - __main__ - WARNING - Error message: Too many requests from your IP address. We limit our service to 50 unique lookups per hour. Please wait 1 hour before making another request for your access to reset.
2026-07-14 21:52:40,344 - __main__ - INFO - Next run will occur in 1 hour due to updated schedule.
2026-07-14 22:52:14,913 - __main__ - INFO - Token value: 1234
2026-07-14 22:52:14,991 - __main__ - WARNING - API rate limit exceeded (status code: 429). This is temporary and will reset automatically.
2026-07-14 22:52:14,993 - __main__ - WARNING - Error message: Too many requests from your IP address. We limit our service to 50 unique lookups per hour. Please wait 1 hour before making another request for your access to reset.
2026-07-14 22:52:14,993 - __main__ - INFO - Next run will occur in 1 hour due to updated schedule.
2026-07-14 23:46:39,305 - __main__ - INFO - Token value: 1234
2026-07-14 23:46:40,176 - __main__ - WARNING - API rate limit exceeded (status code: 429). This is temporary and will reset automatically.
2026-07-14 23:46:40,178 - __main__ - WARNING - Error message: Too many requests from your IP address. We limit our service to 50 unique lookups per hour. Please wait 1 hour before making another request for your access to reset.
2026-07-14 23:46:40,178 - __main__ - INFO - Next run will occur in 1 hour due to updated schedule.
2026-07-15 01:52:54,962 - __main__ - INFO - Token value: 1234
2026-07-15 01:52:55,516 - __main__ - WARNING - API rate limit exceeded (status code: 429). This is temporary and will reset automatically.
2026-07-15 01:52:55,518 - __main__ - WARNING - Error message: Too many requests from your IP address. We limit our service to 50 unique lookups per hour. Please wait 1 hour before making another request for your access to reset.
2026-07-15 01:52:55,518 - __main__ - INFO - Next run will occur in 1 hour due to updated schedule.
2026-07-15 04:46:23,691 - __main__ - INFO - Token value: 1234
2026-07-15 04:46:24,392 - __main__ - WARNING - API rate limit exceeded (status code: 429). This is temporary and will reset automatically.
2026-07-15 04:46:24,394 - __main__ - WARNING - Error message: Too many requests from your IP address. We limit our service to 50 unique lookups per hour. Please wait 1 hour before making another request for your access to reset.
2026-07-15 04:46:24,394 - __main__ - INFO - Next run will occur in 1 hour due to updated schedule.
2026-07-15 07:10:24,019 - __main__ - INFO - Token value: 1234
2026-07-15 07:10:24,231 - __main__ - WARNING - API rate limit exceeded (status code: 429). This is temporary and will reset automatically.
2026-07-15 07:10:24,232 - __main__ - WARNING - Error message: Too many requests from your IP address. We limit our service to 50 unique lookups per hour. Please wait 1 hour before making another request for your access to reset.
2026-07-15 07:10:24,232 - __main__ - INFO - Next run will occur in 1 hour due to updated schedule.
2026-07-15 09:55:48,909 - __main__ - INFO - Token value: 1234
2026-07-15 09:55:49,389 - __main__ - WARNING - API rate limit exceeded (status code: 429). This is temporary and will reset automatically.
2026-07-15 09:55:49,391 - __main__ - WARNING - Error message: Too many requests from your IP address. We limit our service to 50 unique lookups per hour. Please wait 1 hour before making another request for your access to reset.
2026-07-15 09:55:49,391 - __main__ - INFO - Next run will occur in 1 hour due to updated schedule.
